<?xml version="1.0" encoding="UTF-8" ?>

<testsuite failures="0" time="0.245" errors="0" skipped="0" tests="7" name="BasicTest">
  <testcase classname="BasicTest" name="aVeryImportantThingToTest" time="0.001">
      </testcase>
  <testcase classname="BasicTest" name="useTheCommentsRelation" time="0.02">
      </testcase>
  <testcase classname="BasicTest" name="postComments" time="0.007">
      </testcase>
  <testcase classname="BasicTest" name="tryConnectAsUser" time="0.005">
      </testcase>
  <testcase classname="BasicTest" name="fullTest" time="0.203">
      </testcase>
  <testcase classname="BasicTest" name="createPost" time="0.005">
      </testcase>
  <testcase classname="BasicTest" name="createAndRetrieveUser" time="0.004">
      </testcase>
</testsuite>